Using pre-set license
Built from '2020.2/staging' branch; Version is '2020.2.3f1 (8ff31bc5bf5b) revision 9433883'; Using compiler version '192528614'; Build Type 'Release'
OS: 'Windows 10 Home Single Language; OS build 22000.1098; Version 2009; 64bit' Language: 'pt' Physical Memory: 8072 MB
BatchMode: 1, IsHumanControllingUs: 0, StartBugReporterOnCrash: 0, Is64bit: 1, IsPro: 0

 COMMAND LINE ARGUMENTS:
C:\Program Files\Unity\Hub\Editor\2020.2.3f1\Editor\Unity.exe
-adb2
-batchMode
-noUpm
-name
AssetImportWorker0
-projectPath
C:/Users/User/Unity/Maze Game 3D
-logFile
Logs/AssetImportWorker0.log
-srvPort
54909
Successfully changed project path to: C:/Users/User/Unity/Maze Game 3D
C:/Users/User/Unity/Maze Game 3D
Using Asset Import Pipeline V2.
Refreshing native plugins compatible for Editor in 29.04 ms, found 0 plugins.
Preloading 0 native plugins for Editor in 0.00 ms.
Initialize engine version: 2020.2.3f1 (8ff31bc5bf5b)
[Subsystems] Discovering subsystems at path C:/Program Files/Unity/Hub/Editor/2020.2.3f1/Editor/Data/Resources/UnitySubsystems
[Subsystems] Discovering subsystems at path C:/Users/User/Unity/Maze Game 3D/Assets
GfxDevice: creating device client; threaded=0
Direct3D:
    Version:  Direct3D 11.0 [level 11.0]
    Renderer: NVIDIA GeForce MX110 (ID=0x174e)
    Vendor:   
    VRAM:     2010 MB
    Driver:   27.21.14.5749
Initialize mono
Mono path[0] = 'C:/Program Files/Unity/Hub/Editor/2020.2.3f1/Editor/Data/Managed'
Mono path[1] = 'C:/Program Files/Unity/Hub/Editor/2020.2.3f1/Editor/Data/MonoBleedingEdge/lib/mono/unityjit'
Mono config path = 'C:/Program Files/Unity/Hub/Editor/2020.2.3f1/Editor/Data/MonoBleedingEdge/etc'
Using monoOptions --debugger-agent=transport=dt_socket,embedding=1,server=y,suspend=n,address=127.0.0.1:56424
Begin MonoManager ReloadAssembly
Registering precompiled unity dll's ...
Register platform support module: C:/Program Files/Unity/Hub/Editor/2020.2.3f1/Editor/Data/PlaybackEngines/WindowsStandaloneSupport/UnityEditor.WindowsStandalone.Extensions.dll
Registered in 0.001505 seconds.
Native extension for WindowsStandalone target not found
Refreshing native plugins compatible for Editor in 30.51 ms, found 0 plugins.
Preloading 0 native plugins for Editor in 0.00 ms.
Invoked RoslynAnalysisRunner static constructor.
RoslynAnalysisRunner will not be running.
RoslynAnalysisRunner has terminated.
Mono: successfully reloaded assembly
- Completed reload, in  3.681 seconds
Platform modules already initialized, skipping
Registering precompiled user dll's ...
Registered in 0.000743 seconds.
Begin MonoManager ReloadAssembly
Native extension for WindowsStandalone target not found
Refreshing native plugins compatible for Editor in 0.30 ms, found 0 plugins.
Preloading 0 native plugins for Editor in 0.00 ms.
Invoked RoslynAnalysisRunner static constructor.
RoslynAnalysisRunner will not be running.
RoslynAnalysisRunner has terminated.
Mono: successfully reloaded assembly
- Completed reload, in  0.910 seconds
Platform modules already initialized, skipping
========================================================================
Worker process is ready to serve import requests
Launched and connected shader compiler UnityShaderCompiler.exe after 0.22 seconds
Refreshing native plugins compatible for Editor in 0.39 ms, found 0 plugins.
Preloading 0 native plugins for Editor in 0.00 ms.
Unloading 1414 Unused Serialized files (Serialized files now loaded: 0)
System memory in use before: 93.4 MB.
System memory in use after: 93.5 MB.

Unloading 9 unused Assets to reduce memory usage. Loaded Objects now: 1886.
Total: 5.662800 ms (FindLiveObjects: 0.583200 ms CreateObjectMapping: 0.294500 ms MarkObjects: 4.468700 ms  DeleteObjects: 0.313500 ms)

========================================================================
Received Import Request.
  path: Assets/Scenes/Jogo.unity
  artifactKey: Guid(9fc0d4010bbf28b4594072e72b8655ab) Importer(815301076,1909f56bfc062723c751e8b465ee728b)
Start importing Assets/Scenes/Jogo.unity using Guid(9fc0d4010bbf28b4594072e72b8655ab) Importer(815301076,1909f56bfc062723c751e8b465ee728b)  -> (artifact id: '56686d4d173281a4ceb44c039832ce88') in 0.040456 seconds
  Import took 0.049676 seconds .

========================================================================
Received Prepare
Refreshing native plugins compatible for Editor in 0.81 ms, found 0 plugins.
Preloading 0 native plugins for Editor in 0.00 ms.
Unloading 3 Unused Serialized files (Serialized files now loaded: 0)
System memory in use before: 64.6 MB.
System memory in use after: 64.6 MB.

Unloading 3 unused Assets to reduce memory usage. Loaded Objects now: 1886.
Total: 2.808000 ms (FindLiveObjects: 0.184000 ms CreateObjectMapping: 0.051000 ms MarkObjects: 2.410700 ms  DeleteObjects: 0.160700 ms)

========================================================================
Received Prepare
Registering precompiled user dll's ...
Registered in 0.000679 seconds.
Begin MonoManager ReloadAssembly
Native extension for WindowsStandalone target not found
Refreshing native plugins compatible for Editor in 0.28 ms, found 0 plugins.
Preloading 0 native plugins for Editor in 0.00 ms.
Invoked RoslynAnalysisRunner static constructor.
RoslynAnalysisRunner will not be running.
RoslynAnalysisRunner has terminated.
Mono: successfully reloaded assembly
- Completed reload, in  1.123 seconds
Platform modules already initialized, skipping
Refreshing native plugins compatible for Editor in 0.26 ms, found 0 plugins.
Preloading 0 native plugins for Editor in 0.00 ms.
Unloading 1399 Unused Serialized files (Serialized files now loaded: 0)
System memory in use before: 93.5 MB.
System memory in use after: 92.7 MB.

Unloading 7 unused Assets to reduce memory usage. Loaded Objects now: 1890.
Total: 3.229300 ms (FindLiveObjects: 0.206300 ms CreateObjectMapping: 0.059000 ms MarkObjects: 2.130300 ms  DeleteObjects: 0.832200 ms)

========================================================================
Received Import Request.
  Time since last request: 101.533114 seconds.
  path: Assets/New Terrain 2.asset
  artifactKey: Guid(a99905e3bfbe69d499bd0563fbb0128c) Importer(815301076,1909f56bfc062723c751e8b465ee728b)
Start importing Assets/New Terrain 2.asset using Guid(a99905e3bfbe69d499bd0563fbb0128c) Importer(815301076,1909f56bfc062723c751e8b465ee728b)  -> (artifact id: 'a81adfb4e1594dda82a7bd19adf478fb') in 0.093266 seconds
  Import took 0.095926 seconds .

========================================================================
Received Import Request.
  Time since last request: 51.610710 seconds.
  path: Assets/Polytope Studio/Lowpoly Medieval Characters/Prefabs/Modular_NPC/Peasants_Citizens/PT_Medieval_Boy_Modular_Free_Pack.prefab
  artifactKey: Guid(0da600d002dc6404693c3b74e0265a3c) Importer(815301076,1909f56bfc062723c751e8b465ee728b)
Start importing Assets/Polytope Studio/Lowpoly Medieval Characters/Prefabs/Modular_NPC/Peasants_Citizens/PT_Medieval_Boy_Modular_Free_Pack.prefab using Guid(0da600d002dc6404693c3b74e0265a3c) Importer(815301076,1909f56bfc062723c751e8b465ee728b)  -> (artifact id: 'e79f40a379be183c8efd31a80436a38a') in 0.464985 seconds
  Import took 0.469814 seconds .

========================================================================
Received Import Request.
  Time since last request: 0.414785 seconds.
  path: Assets/Polytope Studio/Lowpoly Medieval Characters/Prefabs/Modular_NPC/Peasants_Citizens/PT_Medieval_Male_Modular_Free_Pack 1.prefab
  artifactKey: Guid(5b1f79dda76cb5c498c34f02ea3e78e4) Importer(815301076,1909f56bfc062723c751e8b465ee728b)
Start importing Assets/Polytope Studio/Lowpoly Medieval Characters/Prefabs/Modular_NPC/Peasants_Citizens/PT_Medieval_Male_Modular_Free_Pack 1.prefab using Guid(5b1f79dda76cb5c498c34f02ea3e78e4) Importer(815301076,1909f56bfc062723c751e8b465ee728b)  -> (artifact id: '7fad007b1acce959cf3a199da1db9388') in 0.040794 seconds
  Import took 0.046018 seconds .

========================================================================
Received Import Request.
  Time since last request: 0.882746 seconds.
  path: Assets/Polytope Studio/Lowpoly Medieval Characters/Prefabs/Modular_NPC/Peasants_Citizens/PT_Medieval_Male_Modular_Free_Pack.prefab
  artifactKey: Guid(d3f87f114f86a3b4f88996e8d2e99fd8) Importer(815301076,1909f56bfc062723c751e8b465ee728b)
Start importing Assets/Polytope Studio/Lowpoly Medieval Characters/Prefabs/Modular_NPC/Peasants_Citizens/PT_Medieval_Male_Modular_Free_Pack.prefab using Guid(d3f87f114f86a3b4f88996e8d2e99fd8) Importer(815301076,1909f56bfc062723c751e8b465ee728b)  -> (artifact id: 'fb6dbf3b4995041a5b98dde054f8ce74') in 0.039489 seconds
  Import took 0.043743 seconds .

========================================================================
Received Import Request.
  Time since last request: 45.654157 seconds.
  path: Assets/Polytope Studio/Lowpoly Medieval Characters/Prefabs/Modular_NPC/Peasants_Citizens/Sets/PT_Medieval_Male_Naked.prefab
  artifactKey: Guid(eb04246f9f798aa4f8600aebdbc8454e) Importer(815301076,1909f56bfc062723c751e8b465ee728b)
Start importing Assets/Polytope Studio/Lowpoly Medieval Characters/Prefabs/Modular_NPC/Peasants_Citizens/Sets/PT_Medieval_Male_Naked.prefab using Guid(eb04246f9f798aa4f8600aebdbc8454e) Importer(815301076,1909f56bfc062723c751e8b465ee728b)  -> (artifact id: 'e2c48d3df2dbd2f9e40b7562099f4b90') in 0.047362 seconds
  Import took 0.051576 seconds .

========================================================================
Received Import Request.
  Time since last request: 2.170222 seconds.
  path: Assets/Polytope Studio/Lowpoly Medieval Characters/Prefabs/Modular_NPC/Peasants_Citizens/Sets/PT_Medieval_Male_Peasant_01.prefab
  artifactKey: Guid(c2af11c01d1176e4d98619176b00d199) Importer(815301076,1909f56bfc062723c751e8b465ee728b)
Start importing Assets/Polytope Studio/Lowpoly Medieval Characters/Prefabs/Modular_NPC/Peasants_Citizens/Sets/PT_Medieval_Male_Peasant_01.prefab using Guid(c2af11c01d1176e4d98619176b00d199) Importer(815301076,1909f56bfc062723c751e8b465ee728b)  -> (artifact id: '67f239df9b735f30ec9bcad1c6506869') in 0.042688 seconds
  Import took 0.047187 seconds .

========================================================================
Received Prepare
Registering precompiled user dll's ...
Registered in 0.000893 seconds.
Begin MonoManager ReloadAssembly
Native extension for WindowsStandalone target not found
Refreshing native plugins compatible for Editor in 0.36 ms, found 0 plugins.
Preloading 0 native plugins for Editor in 0.00 ms.
Invoked RoslynAnalysisRunner static constructor.
RoslynAnalysisRunner will not be running.
RoslynAnalysisRunner has terminated.
Mono: successfully reloaded assembly
- Completed reload, in  1.168 seconds
Platform modules already initialized, skipping
Refreshing native plugins compatible for Editor in 0.44 ms, found 0 plugins.
Preloading 0 native plugins for Editor in 0.00 ms.
Unloading 1399 Unused Serialized files (Serialized files now loaded: 0)
System memory in use before: 107.7 MB.
System memory in use after: 107.3 MB.

Unloading 6 unused Assets to reduce memory usage. Loaded Objects now: 1902.
Total: 2.460300 ms (FindLiveObjects: 0.286100 ms CreateObjectMapping: 0.064100 ms MarkObjects: 1.668200 ms  DeleteObjects: 0.440400 ms)

========================================================================
Received Import Request.
  Time since last request: 511.843916 seconds.
  path: Assets/Controlador.controller
  artifactKey: Guid(cac212b2359a3a14db851997f6bdf587) Importer(815301076,1909f56bfc062723c751e8b465ee728b)
Start importing Assets/Controlador.controller using Guid(cac212b2359a3a14db851997f6bdf587) Importer(815301076,1909f56bfc062723c751e8b465ee728b)  -> (artifact id: '373f484637159732ddaeea8f3fe1744c') in 0.019010 seconds
  Import took 0.021417 seconds .

========================================================================
Received Import Request.
  Time since last request: 36.379466 seconds.
  path: Assets/Importados
  artifactKey: Guid(5b454026af25d014c9aa6c3a542bf177) Importer(815301076,1909f56bfc062723c751e8b465ee728b)
Start importing Assets/Importados using Guid(5b454026af25d014c9aa6c3a542bf177) Importer(815301076,1909f56bfc062723c751e8b465ee728b)  -> (artifact id: 'fa460c53d7edf0e5ff962cca215c2f59') in 0.003995 seconds
  Import took 0.007274 seconds .

========================================================================
Received Prepare
Registering precompiled user dll's ...
Registered in 0.000726 seconds.
Begin MonoManager ReloadAssembly
Native extension for WindowsStandalone target not found
Refreshing native plugins compatible for Editor in 0.26 ms, found 0 plugins.
Preloading 0 native plugins for Editor in 0.00 ms.
Invoked RoslynAnalysisRunner static constructor.
RoslynAnalysisRunner will not be running.
RoslynAnalysisRunner has terminated.
Mono: successfully reloaded assembly
- Completed reload, in  0.868 seconds
Platform modules already initialized, skipping
Refreshing native plugins compatible for Editor in 0.30 ms, found 0 plugins.
Preloading 0 native plugins for Editor in 0.00 ms.
Unloading 1398 Unused Serialized files (Serialized files now loaded: 0)
System memory in use before: 107.6 MB.
System memory in use after: 107.3 MB.

Unloading 6 unused Assets to reduce memory usage. Loaded Objects now: 1904.
Total: 2.472800 ms (FindLiveObjects: 0.221300 ms CreateObjectMapping: 0.045300 ms MarkObjects: 1.752100 ms  DeleteObjects: 0.451800 ms)

========================================================================
Received Import Request.
  Time since last request: 27.389890 seconds.
  path: Assets/Imagens
  artifactKey: Guid(7587f8bab27dd60468ef00a0f9764432) Importer(815301076,1909f56bfc062723c751e8b465ee728b)
Start importing Assets/Imagens using Guid(7587f8bab27dd60468ef00a0f9764432) Importer(815301076,1909f56bfc062723c751e8b465ee728b)  -> (artifact id: 'dfc3f90d1e4417b8b9139e7583b231f0') in 0.011004 seconds
  Import took 0.013402 seconds .

========================================================================
Received Import Request.
  Time since last request: 62.218012 seconds.
  path: Assets/Importados/Kevin Iglesias
  artifactKey: Guid(4822c3b2d26176d41a483b39b8479eaf) Importer(815301076,1909f56bfc062723c751e8b465ee728b)
Start importing Assets/Importados/Kevin Iglesias using Guid(4822c3b2d26176d41a483b39b8479eaf) Importer(815301076,1909f56bfc062723c751e8b465ee728b)  -> (artifact id: '912f40d9193ff97ce90bf20f4ceba96c') in 0.005832 seconds
  Import took 0.008759 seconds .

========================================================================
Received Import Request.
  Time since last request: 0.001357 seconds.
  path: Assets/Importados/Kevin Iglesias
  artifactKey: Guid(4822c3b2d26176d41a483b39b8479eaf) Importer(815301076,1909f56bfc062723c751e8b465ee728b)
Start importing Assets/Importados/Kevin Iglesias using Guid(4822c3b2d26176d41a483b39b8479eaf) Importer(815301076,1909f56bfc062723c751e8b465ee728b)  -> (artifact id: '912f40d9193ff97ce90bf20f4ceba96c') in 0.005748 seconds
  Import took 0.008306 seconds .

========================================================================
Received Import Request.
  Time since last request: 13.974016 seconds.
  path: Assets/Importados/Kevin Iglesias/Basic Motions/Animations/Idles/BasicMotions@Idle01.fbx
  artifactKey: Guid(a3422ad278cd9a94aa3da8e6bff9deea) Importer(815301076,1909f56bfc062723c751e8b465ee728b)
Start importing Assets/Importados/Kevin Iglesias/Basic Motions/Animations/Idles/BasicMotions@Idle01.fbx using Guid(a3422ad278cd9a94aa3da8e6bff9deea) Importer(815301076,1909f56bfc062723c751e8b465ee728b)  -> (artifact id: '46a7a5619a554fc7218cae81da5f60d8') in 0.065521 seconds
  Import took 0.069451 seconds .

========================================================================
Received Import Request.
  Time since last request: 25.861734 seconds.
  path: Assets/Importados/Kevin Iglesias/Basic Motions/Animations/Movement/BasicMotions@Fall01.fbx
  artifactKey: Guid(56b6c6749a263e843b2908fe4580acc1) Importer(815301076,1909f56bfc062723c751e8b465ee728b)
Start importing Assets/Importados/Kevin Iglesias/Basic Motions/Animations/Movement/BasicMotions@Fall01.fbx using Guid(56b6c6749a263e843b2908fe4580acc1) Importer(815301076,1909f56bfc062723c751e8b465ee728b)  -> (artifact id: '14995ed8d555e67e5d022ac2b8298dcb') in 0.011362 seconds
  Import took 0.014901 seconds .

========================================================================
Received Import Request.
  Time since last request: 0.001256 seconds.
  path: Assets/Importados/Kevin Iglesias/Basic Motions/Animations/Movement/BasicMotions@Fall01.fbx
  artifactKey: Guid(56b6c6749a263e843b2908fe4580acc1) Importer(815301076,1909f56bfc062723c751e8b465ee728b)
Start importing Assets/Importados/Kevin Iglesias/Basic Motions/Animations/Movement/BasicMotions@Fall01.fbx using Guid(56b6c6749a263e843b2908fe4580acc1) Importer(815301076,1909f56bfc062723c751e8b465ee728b)  -> (artifact id: '14995ed8d555e67e5d022ac2b8298dcb') in 0.008501 seconds
  Import took 0.011584 seconds .

========================================================================
Received Import Request.
  Time since last request: 3.441867 seconds.
  path: Assets/Importados/Kevin Iglesias/Basic Motions/Animations/Movement/BasicMotions@Jump01.fbx
  artifactKey: Guid(067cc188e25b78b4a940a9fa67cd6ee7) Importer(815301076,1909f56bfc062723c751e8b465ee728b)
Start importing Assets/Importados/Kevin Iglesias/Basic Motions/Animations/Movement/BasicMotions@Jump01.fbx using Guid(067cc188e25b78b4a940a9fa67cd6ee7) Importer(815301076,1909f56bfc062723c751e8b465ee728b)  -> (artifact id: '49e3b98b5a3916d1f314ee3611a28aa8') in 0.014486 seconds
  Import took 0.017476 seconds .

========================================================================
Received Import Request.
  Time since last request: 6.385952 seconds.
  path: Assets/Importados/Kevin Iglesias/Basic Motions/Animations/Movement/BasicMotions@Walk01.fbx
  artifactKey: Guid(bd1c2e9064da28e4fb0fe4a3f6ff4e33) Importer(815301076,1909f56bfc062723c751e8b465ee728b)
Start importing Assets/Importados/Kevin Iglesias/Basic Motions/Animations/Movement/BasicMotions@Walk01.fbx using Guid(bd1c2e9064da28e4fb0fe4a3f6ff4e33) Importer(815301076,1909f56bfc062723c751e8b465ee728b)  -> (artifact id: 'e22c14c7776861d7159ace294009e896') in 0.013068 seconds
  Import took 0.017156 seconds .

========================================================================
Received Import Request.
  Time since last request: 0.001394 seconds.
  path: Assets/Importados/Kevin Iglesias/Basic Motions/Animations/Movement/BasicMotions@Walk01.fbx
  artifactKey: Guid(bd1c2e9064da28e4fb0fe4a3f6ff4e33) Importer(815301076,1909f56bfc062723c751e8b465ee728b)
Start importing Assets/Importados/Kevin Iglesias/Basic Motions/Animations/Movement/BasicMotions@Walk01.fbx using Guid(bd1c2e9064da28e4fb0fe4a3f6ff4e33) Importer(815301076,1909f56bfc062723c751e8b465ee728b)  -> (artifact id: 'e22c14c7776861d7159ace294009e896') in 0.011028 seconds
  Import took 0.015293 seconds .

========================================================================
Received Import Request.
  Time since last request: 232.429135 seconds.
  path: Assets/Controlador.controller
  artifactKey: Guid(cac212b2359a3a14db851997f6bdf587) Importer(815301076,1909f56bfc062723c751e8b465ee728b)
Start importing Assets/Controlador.controller using Guid(cac212b2359a3a14db851997f6bdf587) Importer(815301076,1909f56bfc062723c751e8b465ee728b)  -> (artifact id: 'e703af209bf0ed3728ca589b38008588') in 0.007887 seconds
  Import took 0.011739 seconds .

========================================================================
Received Import Request.
  Time since last request: 0.008735 seconds.
  path: Assets/Controlador.controller
  artifactKey: Guid(cac212b2359a3a14db851997f6bdf587) Importer(815301076,1909f56bfc062723c751e8b465ee728b)
Start importing Assets/Controlador.controller using Guid(cac212b2359a3a14db851997f6bdf587) Importer(815301076,1909f56bfc062723c751e8b465ee728b)  -> (artifact id: 'e703af209bf0ed3728ca589b38008588') in 0.006563 seconds
  Import took 0.009972 seconds .

========================================================================
Received Prepare
Registering precompiled user dll's ...
Registered in 0.001185 seconds.
Begin MonoManager ReloadAssembly
Native extension for WindowsStandalone target not found
Refreshing native plugins compatible for Editor in 0.34 ms, found 0 plugins.
Preloading 0 native plugins for Editor in 0.00 ms.
Invoked RoslynAnalysisRunner static constructor.
RoslynAnalysisRunner will not be running.
RoslynAnalysisRunner has terminated.
Mono: successfully reloaded assembly
- Completed reload, in  1.137 seconds
Platform modules already initialized, skipping
Refreshing native plugins compatible for Editor in 0.26 ms, found 0 plugins.
Preloading 0 native plugins for Editor in 0.00 ms.
Unloading 1398 Unused Serialized files (Serialized files now loaded: 0)
System memory in use before: 107.6 MB.
System memory in use after: 107.3 MB.

Unloading 6 unused Assets to reduce memory usage. Loaded Objects now: 1906.
Total: 2.134800 ms (FindLiveObjects: 0.178300 ms CreateObjectMapping: 0.056700 ms MarkObjects: 1.400000 ms  DeleteObjects: 0.498400 ms)

========================================================================
Received Prepare
Registering precompiled user dll's ...
Registered in 0.000993 seconds.
Begin MonoManager ReloadAssembly
Native extension for WindowsStandalone target not found
Refreshing native plugins compatible for Editor in 0.41 ms, found 0 plugins.
Preloading 0 native plugins for Editor in 0.00 ms.
Invoked RoslynAnalysisRunner static constructor.
RoslynAnalysisRunner will not be running.
RoslynAnalysisRunner has terminated.
Mono: successfully reloaded assembly
- Completed reload, in  1.010 seconds
Platform modules already initialized, skipping
Refreshing native plugins compatible for Editor in 0.26 ms, found 0 plugins.
Preloading 0 native plugins for Editor in 0.00 ms.
Unloading 1398 Unused Serialized files (Serialized files now loaded: 0)
System memory in use before: 107.6 MB.
System memory in use after: 107.3 MB.

Unloading 6 unused Assets to reduce memory usage. Loaded Objects now: 1908.
Total: 2.076200 ms (FindLiveObjects: 0.186600 ms CreateObjectMapping: 0.049000 ms MarkObjects: 1.394300 ms  DeleteObjects: 0.445000 ms)

========================================================================
Received Prepare
Registering precompiled user dll's ...
Registered in 0.001911 seconds.
Begin MonoManager ReloadAssembly
Native extension for WindowsStandalone target not found
Refreshing native plugins compatible for Editor in 0.31 ms, found 0 plugins.
Preloading 0 native plugins for Editor in 0.00 ms.
Invoked RoslynAnalysisRunner static constructor.
RoslynAnalysisRunner will not be running.
RoslynAnalysisRunner has terminated.
Mono: successfully reloaded assembly
- Completed reload, in  0.950 seconds
Platform modules already initialized, skipping
Refreshing native plugins compatible for Editor in 0.45 ms, found 0 plugins.
Preloading 0 native plugins for Editor in 0.00 ms.
Unloading 1398 Unused Serialized files (Serialized files now loaded: 0)
System memory in use before: 107.6 MB.
System memory in use after: 107.2 MB.

Unloading 6 unused Assets to reduce memory usage. Loaded Objects now: 1910.
Total: 2.701700 ms (FindLiveObjects: 0.312200 ms CreateObjectMapping: 0.097700 ms MarkObjects: 1.803000 ms  DeleteObjects: 0.486700 ms)

========================================================================
Received Prepare
Registering precompiled user dll's ...
Registered in 0.000691 seconds.
Begin MonoManager ReloadAssembly
Native extension for WindowsStandalone target not found
Refreshing native plugins compatible for Editor in 0.36 ms, found 0 plugins.
Preloading 0 native plugins for Editor in 0.00 ms.
Invoked RoslynAnalysisRunner static constructor.
RoslynAnalysisRunner will not be running.
RoslynAnalysisRunner has terminated.
Mono: successfully reloaded assembly
- Completed reload, in  0.953 seconds
Platform modules already initialized, skipping
Refreshing native plugins compatible for Editor in 0.35 ms, found 0 plugins.
Preloading 0 native plugins for Editor in 0.00 ms.
Unloading 1398 Unused Serialized files (Serialized files now loaded: 0)
System memory in use before: 107.6 MB.
System memory in use after: 107.3 MB.

Unloading 6 unused Assets to reduce memory usage. Loaded Objects now: 1912.
Total: 3.149800 ms (FindLiveObjects: 0.312400 ms CreateObjectMapping: 0.082200 ms MarkObjects: 2.282800 ms  DeleteObjects: 0.470800 ms)

========================================================================
Received Prepare
Registering precompiled user dll's ...
Registered in 0.000670 seconds.
Begin MonoManager ReloadAssembly
Native extension for WindowsStandalone target not found
Refreshing native plugins compatible for Editor in 0.27 ms, found 0 plugins.
Preloading 0 native plugins for Editor in 0.00 ms.
Invoked RoslynAnalysisRunner static constructor.
RoslynAnalysisRunner will not be running.
RoslynAnalysisRunner has terminated.
Mono: successfully reloaded assembly
- Completed reload, in  0.923 seconds
Platform modules already initialized, skipping
Refreshing native plugins compatible for Editor in 0.27 ms, found 0 plugins.
Preloading 0 native plugins for Editor in 0.00 ms.
Unloading 1398 Unused Serialized files (Serialized files now loaded: 0)
System memory in use before: 107.6 MB.
System memory in use after: 107.3 MB.

Unloading 6 unused Assets to reduce memory usage. Loaded Objects now: 1914.
Total: 2.646200 ms (FindLiveObjects: 0.297700 ms CreateObjectMapping: 0.084600 ms MarkObjects: 1.821000 ms  DeleteObjects: 0.441200 ms)

========================================================================
Received Prepare
Registering precompiled user dll's ...
Registered in 0.000721 seconds.
Begin MonoManager ReloadAssembly
Native extension for WindowsStandalone target not found
Refreshing native plugins compatible for Editor in 0.32 ms, found 0 plugins.
Preloading 0 native plugins for Editor in 0.00 ms.
Invoked RoslynAnalysisRunner static constructor.
RoslynAnalysisRunner will not be running.
RoslynAnalysisRunner has terminated.
Mono: successfully reloaded assembly
- Completed reload, in  0.940 seconds
Platform modules already initialized, skipping
Refreshing native plugins compatible for Editor in 0.29 ms, found 0 plugins.
Preloading 0 native plugins for Editor in 0.00 ms.
Unloading 1398 Unused Serialized files (Serialized files now loaded: 0)
System memory in use before: 107.6 MB.
System memory in use after: 107.3 MB.

Unloading 6 unused Assets to reduce memory usage. Loaded Objects now: 1916.
Total: 2.805700 ms (FindLiveObjects: 0.454300 ms CreateObjectMapping: 0.058100 ms MarkObjects: 1.763300 ms  DeleteObjects: 0.478500 ms)

========================================================================
Received Prepare
Registering precompiled user dll's ...
Registered in 0.001886 seconds.
Begin MonoManager ReloadAssembly
Native extension for WindowsStandalone target not found
Refreshing native plugins compatible for Editor in 0.28 ms, found 0 plugins.
Preloading 0 native plugins for Editor in 0.00 ms.
Invoked RoslynAnalysisRunner static constructor.
RoslynAnalysisRunner will not be running.
RoslynAnalysisRunner has terminated.
Mono: successfully reloaded assembly
- Completed reload, in  1.087 seconds
Platform modules already initialized, skipping
Refreshing native plugins compatible for Editor in 0.48 ms, found 0 plugins.
Preloading 0 native plugins for Editor in 0.00 ms.
Unloading 1398 Unused Serialized files (Serialized files now loaded: 0)
System memory in use before: 107.6 MB.
System memory in use after: 107.3 MB.

Unloading 6 unused Assets to reduce memory usage. Loaded Objects now: 1918.
Total: 3.337500 ms (FindLiveObjects: 0.354100 ms CreateObjectMapping: 0.141300 ms MarkObjects: 2.280400 ms  DeleteObjects: 0.559400 ms)

========================================================================
Received Prepare
Registering precompiled user dll's ...
Registered in 0.001267 seconds.
Begin MonoManager ReloadAssembly
Native extension for WindowsStandalone target not found
Refreshing native plugins compatible for Editor in 0.45 ms, found 0 plugins.
Preloading 0 native plugins for Editor in 0.00 ms.
Invoked RoslynAnalysisRunner static constructor.
RoslynAnalysisRunner will not be running.
RoslynAnalysisRunner has terminated.
Mono: successfully reloaded assembly
- Completed reload, in  1.711 seconds
Platform modules already initialized, skipping
Refreshing native plugins compatible for Editor in 0.46 ms, found 0 plugins.
Preloading 0 native plugins for Editor in 0.00 ms.
Unloading 1398 Unused Serialized files (Serialized files now loaded: 0)
System memory in use before: 107.6 MB.
System memory in use after: 107.3 MB.

Unloading 6 unused Assets to reduce memory usage. Loaded Objects now: 1920.
Total: 4.129300 ms (FindLiveObjects: 0.447000 ms CreateObjectMapping: 0.112300 ms MarkObjects: 2.821500 ms  DeleteObjects: 0.745500 ms)

========================================================================
Received Prepare
Registering precompiled user dll's ...
Registered in 0.002609 seconds.
Begin MonoManager ReloadAssembly
Native extension for WindowsStandalone target not found
Refreshing native plugins compatible for Editor in 0.79 ms, found 0 plugins.
Preloading 0 native plugins for Editor in 0.00 ms.
Invoked RoslynAnalysisRunner static constructor.
RoslynAnalysisRunner will not be running.
RoslynAnalysisRunner has terminated.
Mono: successfully reloaded assembly
- Completed reload, in  2.744 seconds
Platform modules already initialized, skipping
Refreshing native plugins compatible for Editor in 0.79 ms, found 0 plugins.
Preloading 0 native plugins for Editor in 0.00 ms.
Unloading 1398 Unused Serialized files (Serialized files now loaded: 0)
System memory in use before: 107.6 MB.
System memory in use after: 107.3 MB.

Unloading 6 unused Assets to reduce memory usage. Loaded Objects now: 1922.
Total: 8.190000 ms (FindLiveObjects: 0.502500 ms CreateObjectMapping: 0.154200 ms MarkObjects: 6.107200 ms  DeleteObjects: 1.420500 ms)

========================================================================
Received Prepare
Registering precompiled user dll's ...
Registered in 0.001403 seconds.
Begin MonoManager ReloadAssembly
Native extension for WindowsStandalone target not found
Refreshing native plugins compatible for Editor in 0.49 ms, found 0 plugins.
Preloading 0 native plugins for Editor in 0.00 ms.
Invoked RoslynAnalysisRunner static constructor.
RoslynAnalysisRunner will not be running.
RoslynAnalysisRunner has terminated.
Mono: successfully reloaded assembly
- Completed reload, in  2.050 seconds
Platform modules already initialized, skipping
Refreshing native plugins compatible for Editor in 0.41 ms, found 0 plugins.
Preloading 0 native plugins for Editor in 0.00 ms.
Unloading 1398 Unused Serialized files (Serialized files now loaded: 0)
System memory in use before: 107.6 MB.
System memory in use after: 107.3 MB.

Unloading 6 unused Assets to reduce memory usage. Loaded Objects now: 1924.
Total: 4.007600 ms (FindLiveObjects: 0.377100 ms CreateObjectMapping: 0.205600 ms MarkObjects: 2.700900 ms  DeleteObjects: 0.721300 ms)

========================================================================
Received Prepare
Registering precompiled user dll's ...
Registered in 0.001237 seconds.
Begin MonoManager ReloadAssembly
Native extension for WindowsStandalone target not found
Refreshing native plugins compatible for Editor in 0.49 ms, found 0 plugins.
Preloading 0 native plugins for Editor in 0.00 ms.
Invoked RoslynAnalysisRunner static constructor.
RoslynAnalysisRunner will not be running.
RoslynAnalysisRunner has terminated.
Mono: successfully reloaded assembly
- Completed reload, in  2.006 seconds
Platform modules already initialized, skipping
Refreshing native plugins compatible for Editor in 0.78 ms, found 0 plugins.
Preloading 0 native plugins for Editor in 0.00 ms.
Unloading 1398 Unused Serialized files (Serialized files now loaded: 0)
System memory in use before: 107.6 MB.
System memory in use after: 107.3 MB.

Unloading 6 unused Assets to reduce memory usage. Loaded Objects now: 1926.
Total: 8.283500 ms (FindLiveObjects: 0.772600 ms CreateObjectMapping: 0.341300 ms MarkObjects: 5.328700 ms  DeleteObjects: 1.829400 ms)

========================================================================
Received Prepare
Registering precompiled user dll's ...
Registered in 0.001591 seconds.
Begin MonoManager ReloadAssembly
Native extension for WindowsStandalone target not found
Refreshing native plugins compatible for Editor in 0.49 ms, found 0 plugins.
Preloading 0 native plugins for Editor in 0.00 ms.
Invoked RoslynAnalysisRunner static constructor.
RoslynAnalysisRunner will not be running.
RoslynAnalysisRunner has terminated.
Mono: successfully reloaded assembly
- Completed reload, in  2.123 seconds
Platform modules already initialized, skipping
Refreshing native plugins compatible for Editor in 0.57 ms, found 0 plugins.
Preloading 0 native plugins for Editor in 0.00 ms.
Unloading 1398 Unused Serialized files (Serialized files now loaded: 0)
System memory in use before: 107.6 MB.
System memory in use after: 107.3 MB.

Unloading 6 unused Assets to reduce memory usage. Loaded Objects now: 1928.
Total: 4.206800 ms (FindLiveObjects: 0.447200 ms CreateObjectMapping: 0.192300 ms MarkObjects: 2.746800 ms  DeleteObjects: 0.816300 ms)

========================================================================
Received Prepare
Registering precompiled user dll's ...
Registered in 0.001449 seconds.
Begin MonoManager ReloadAssembly
Native extension for WindowsStandalone target not found
Refreshing native plugins compatible for Editor in 0.51 ms, found 0 plugins.
Preloading 0 native plugins for Editor in 0.00 ms.
Invoked RoslynAnalysisRunner static constructor.
RoslynAnalysisRunner will not be running.
RoslynAnalysisRunner has terminated.
Mono: successfully reloaded assembly
- Completed reload, in  1.807 seconds
Platform modules already initialized, skipping
Refreshing native plugins compatible for Editor in 0.45 ms, found 0 plugins.
Preloading 0 native plugins for Editor in 0.00 ms.
Unloading 1398 Unused Serialized files (Serialized files now loaded: 0)
System memory in use before: 107.6 MB.
System memory in use after: 107.3 MB.

Unloading 6 unused Assets to reduce memory usage. Loaded Objects now: 1930.
Total: 3.790900 ms (FindLiveObjects: 0.370300 ms CreateObjectMapping: 0.083400 ms MarkObjects: 2.608100 ms  DeleteObjects: 0.726900 ms)

========================================================================
Received Prepare
Registering precompiled user dll's ...
Registered in 0.001485 seconds.
Begin MonoManager ReloadAssembly
Native extension for WindowsStandalone target not found
Refreshing native plugins compatible for Editor in 0.77 ms, found 0 plugins.
Preloading 0 native plugins for Editor in 0.00 ms.
Invoked RoslynAnalysisRunner static constructor.
RoslynAnalysisRunner will not be running.
RoslynAnalysisRunner has terminated.
Mono: successfully reloaded assembly
- Completed reload, in  3.050 seconds
Platform modules already initialized, skipping
Refreshing native plugins compatible for Editor in 0.64 ms, found 0 plugins.
Preloading 0 native plugins for Editor in 0.00 ms.
Unloading 1398 Unused Serialized files (Serialized files now loaded: 0)
System memory in use before: 107.7 MB.
System memory in use after: 107.3 MB.

Unloading 6 unused Assets to reduce memory usage. Loaded Objects now: 1932.
Total: 8.566800 ms (FindLiveObjects: 0.620400 ms CreateObjectMapping: 0.148500 ms MarkObjects: 6.092400 ms  DeleteObjects: 1.700000 ms)

========================================================================
Received Prepare
Registering precompiled user dll's ...
Registered in 0.002645 seconds.
Begin MonoManager ReloadAssembly
Native extension for WindowsStandalone target not found
Refreshing native plugins compatible for Editor in 0.49 ms, found 0 plugins.
Preloading 0 native plugins for Editor in 0.00 ms.
Invoked RoslynAnalysisRunner static constructor.
RoslynAnalysisRunner will not be running.
RoslynAnalysisRunner has terminated.
Mono: successfully reloaded assembly
- Completed reload, in  2.637 seconds
Platform modules already initialized, skipping
Refreshing native plugins compatible for Editor in 0.43 ms, found 0 plugins.
Preloading 0 native plugins for Editor in 0.00 ms.
Unloading 1398 Unused Serialized files (Serialized files now loaded: 0)
System memory in use before: 107.7 MB.
System memory in use after: 107.3 MB.

Unloading 6 unused Assets to reduce memory usage. Loaded Objects now: 1934.
Total: 4.774500 ms (FindLiveObjects: 0.348900 ms CreateObjectMapping: 0.091800 ms MarkObjects: 3.566900 ms  DeleteObjects: 0.764300 ms)

========================================================================
Received Prepare
Registering precompiled user dll's ...
Registered in 0.002912 seconds.
Begin MonoManager ReloadAssembly
Native extension for WindowsStandalone target not found
Refreshing native plugins compatible for Editor in 0.60 ms, found 0 plugins.
Preloading 0 native plugins for Editor in 0.00 ms.
Invoked RoslynAnalysisRunner static constructor.
RoslynAnalysisRunner will not be running.
RoslynAnalysisRunner has terminated.
Mono: successfully reloaded assembly
- Completed reload, in  2.567 seconds
Platform modules already initialized, skipping
Refreshing native plugins compatible for Editor in 0.70 ms, found 0 plugins.
Preloading 0 native plugins for Editor in 0.00 ms.
Unloading 1398 Unused Serialized files (Serialized files now loaded: 0)
System memory in use before: 107.7 MB.
System memory in use after: 107.3 MB.

Unloading 6 unused Assets to reduce memory usage. Loaded Objects now: 1936.
Total: 6.831800 ms (FindLiveObjects: 0.673300 ms CreateObjectMapping: 0.236600 ms MarkObjects: 4.590300 ms  DeleteObjects: 1.326700 ms)

========================================================================
Received Import Request.
  Time since last request: 3959.445091 seconds.
  path: Assets/Scenes/Jogo.unity
  artifactKey: Guid(9fc0d4010bbf28b4594072e72b8655ab) Importer(815301076,1909f56bfc062723c751e8b465ee728b)
Start importing Assets/Scenes/Jogo.unity using Guid(9fc0d4010bbf28b4594072e72b8655ab) Importer(815301076,1909f56bfc062723c751e8b465ee728b)  -> (artifact id: '000195716e0015dc5331df0b9dbb3cc7') in 0.055590 seconds
  Import took 0.066084 seconds .

========================================================================
Received Prepare
Registering precompiled user dll's ...
Registered in 0.001490 seconds.
Begin MonoManager ReloadAssembly
Native extension for WindowsStandalone target not found
Refreshing native plugins compatible for Editor in 0.69 ms, found 0 plugins.
Preloading 0 native plugins for Editor in 0.00 ms.
Invoked RoslynAnalysisRunner static constructor.
RoslynAnalysisRunner will not be running.
RoslynAnalysisRunner has terminated.
Mono: successfully reloaded assembly
- Completed reload, in  2.961 seconds
Platform modules already initialized, skipping
Refreshing native plugins compatible for Editor in 0.62 ms, found 0 plugins.
Preloading 0 native plugins for Editor in 0.00 ms.
Unloading 1398 Unused Serialized files (Serialized files now loaded: 0)
System memory in use before: 107.7 MB.
System memory in use after: 107.4 MB.

Unloading 6 unused Assets to reduce memory usage. Loaded Objects now: 1938.
Total: 3.947600 ms (FindLiveObjects: 0.378400 ms CreateObjectMapping: 0.142000 ms MarkObjects: 2.630000 ms  DeleteObjects: 0.794700 ms)

========================================================================
Received Prepare
Registering precompiled user dll's ...
Registered in 0.001378 seconds.
Begin MonoManager ReloadAssembly
Native extension for WindowsStandalone target not found
Refreshing native plugins compatible for Editor in 0.72 ms, found 0 plugins.
Preloading 0 native plugins for Editor in 0.00 ms.
Invoked RoslynAnalysisRunner static constructor.
RoslynAnalysisRunner will not be running.
RoslynAnalysisRunner has terminated.
Mono: successfully reloaded assembly
- Completed reload, in  2.370 seconds
Platform modules already initialized, skipping
Refreshing native plugins compatible for Editor in 0.71 ms, found 0 plugins.
Preloading 0 native plugins for Editor in 0.00 ms.
Unloading 1398 Unused Serialized files (Serialized files now loaded: 0)
System memory in use before: 107.7 MB.
System memory in use after: 107.4 MB.

Unloading 6 unused Assets to reduce memory usage. Loaded Objects now: 1940.
Total: 6.748900 ms (FindLiveObjects: 0.729900 ms CreateObjectMapping: 0.264700 ms MarkObjects: 4.416300 ms  DeleteObjects: 1.333500 ms)

AssetImportWorkerClient::OnTransportError - code=2 error=End of file
